<?xml version="1.0" encoding="UTF-8"?>
<!-- Generated by org.testng.reporters.JUnitXMLReporter -->
<testsuite hostname="Digisol" ignored="2" name="Test" tests="3" failures="0" timestamp="2023-01-18T10:34:38 IST" time="0.165" errors="0">
  <testcase name="create" time="0.031" classname="com.practicePackage.CreateTest"/>
  <testcase name="deleteTest" time="0.025" classname="com.practicePackage.DeleteTest"/>
  <testcase name="updateTest" time="0.0" classname="com.practicePackage.UpdateTest"/>
  <testcase name="logout" time="0.0" classname="com.practicePackage.UpdateTest">
    <ignored/>
  </testcase> <!-- logout -->
  <testcase name="login" time="0.0" classname="com.practicePackage.CreateTest">
    <ignored/>
  </testcase> <!-- login -->
</testsuite> <!-- Test -->
