<?xml version="1.0" encoding="UTF-8"?>
<testng-results skipped="0" failed="0" ignored="0" total="1" passed="1">
  <reporter-output>
  </reporter-output>
  <suite name="Default suite" duration-ms="93" started-at="2023-01-26T10:41:26 IST" finished-at="2023-01-26T10:41:26 IST">
    <groups>
    </groups>
    <test name="Default test" duration-ms="93" started-at="2023-01-26T10:41:26 IST" finished-at="2023-01-26T10:41:26 IST">
      <class name="com.practicePackage.CMDExecution">
        <test-method status="PASS" signature="test()[pri:0, instance:com.practicePackage.CMDExecution@3dfc5fb8]" name="test" duration-ms="15" started-at="2023-01-26T10:41:26 IST" finished-at="2023-01-26T10:41:26 IST">
          <reporter-output>
          </reporter-output>
        </test-method> <!-- test -->
      </class> <!-- com.practicePackage.CMDExecution -->
    </test> <!-- Default test -->
  </suite> <!-- Default suite -->
</testng-results>
