<?xml version="1.0" encoding="UTF-8"?>
<!-- Generated by org.testng.reporters.JUnitXMLReporter -->
<testsuite hostname="Digisol" ignored="0" name="Test" tests="3" failures="0" timestamp="2023-01-16T16:25:10 IST" time="0.11" errors="0">
  <testcase name="updateTest" time="0.012" classname="com.practicePackage.UpdateTest"/>
  <testcase name="deleteTest" time="0.004" classname="com.practicePackage.DeleteTest"/>
  <testcase name="create" time="0.012" classname="com.practicePackage.CreateTest"/>
</testsuite> <!-- Test -->
